This is pdfTeX, Version 3.1415926-2.4-1.40.13 (MiKTeX 2.9 64-bit) (preloaded format=pdflatex 2013.3.30)  31 MAR 2013 01:03
entering extended mode
**main.tex
("C:\Users\Briane\Dropbox\THESIS\MS Thesis Document\LaTeX\main.tex"
LaTeX2e <2011/06/27>
Babel <v3.8m> and hyphenation patterns for english, afrikaans, ancientgreek, ar
abic, armenian, assamese, basque, bengali, bokmal, bulgarian, catalan, coptic, 
croatian, czech, danish, dutch, esperanto, estonian, farsi, finnish, french, ga
lician, german, german-x-2012-05-30, greek, gujarati, hindi, hungarian, iceland
ic, indonesian, interlingua, irish, italian, kannada, kurmanji, latin, latvian,
 lithuanian, malayalam, marathi, mongolian, mongolianlmc, monogreek, ngerman, n
german-x-2012-05-30, nynorsk, oriya, panjabi, pinyin, polish, portuguese, roman
ian, russian, sanskrit, serbian, slovak, slovenian, spanish, swedish, swissgerm
an, tamil, telugu, turkish, turkmen, ukenglish, ukrainian, uppersorbian, usengl
ishmax, welsh, loaded.
\@input{preamble.aux}
("C:\Users\Briane\Dropbox\THESIS\MS Thesis Document\LaTeX\preamble.tex"
("C:\Program Files\MiKTeX 2.9\tex\latex\base\article.cls"
Document Class: article 2007/10/19 v1.4h Standard LaTeX document class
("C:\Program Files\MiKTeX 2.9\tex\latex\base\size12.clo"
File: size12.clo 2007/10/19 v1.4h Standard LaTeX file (size option)
)
\c@part=\count79
\c@section=\count80
\c@subsection=\count81
\c@subsubsection=\count82
\c@paragraph=\count83
\c@subparagraph=\count84
\c@figure=\count85
\c@table=\count86
\abovecaptionskip=\skip41
\belowcaptionskip=\skip42
\bibindent=\dimen102
)
("C:\Users\Briane\Dropbox\THESIS\MS Thesis Document\LaTeX\apacite.sty"
Package: apacite 2007/09/03 v4.00 APA citation
\c@BibCnt=\count87
\bibleftmargin=\skip43
\bibindent=\skip44
\bibparsep=\skip45
\bibitemsep=\skip46
)
("C:\Program Files\MiKTeX 2.9\tex\latex\amsmath\amsmath.sty"
Package: amsmath 2013/01/14 v2.14 AMS math features
\@mathmargin=\skip47

For additional information on amsmath, use the `?' option.
("C:\Program Files\MiKTeX 2.9\tex\latex\amsmath\amstext.sty"
Package: amstext 2000/06/29 v2.01

("C:\Program Files\MiKTeX 2.9\tex\latex\amsmath\amsgen.sty"
File: amsgen.sty 1999/11/30 v2.0
\@emptytoks=\toks14
\ex@=\dimen103
))
("C:\Program Files\MiKTeX 2.9\tex\latex\amsmath\amsbsy.sty"
Package: amsbsy 1999/11/29 v1.2d
\pmbraise@=\dimen104
)
("C:\Program Files\MiKTeX 2.9\tex\latex\amsmath\amsopn.sty"
Package: amsopn 1999/12/14 v2.01 operator names
)
\inf@bad=\count88
LaTeX Info: Redefining \frac on input line 210.
\uproot@=\count89
\leftroot@=\count90
LaTeX Info: Redefining \overline on input line 306.
\classnum@=\count91
\DOTSCASE@=\count92
LaTeX Info: Redefining \ldots on input line 378.
LaTeX Info: Redefining \dots on input line 381.
LaTeX Info: Redefining \cdots on input line 466.
\Mathstrutbox@=\box26
\strutbox@=\box27
\big@size=\dimen105
LaTeX Font Info:    Redeclaring font encoding OML on input line 566.
LaTeX Font Info:    Redeclaring font encoding OMS on input line 567.
\macc@depth=\count93
\c@MaxMatrixCols=\count94
\dotsspace@=\muskip10
\c@parentequation=\count95
\dspbrk@lvl=\count96
\tag@help=\toks15
\row@=\count97
\column@=\count98
\maxfields@=\count99
\andhelp@=\toks16
\eqnshift@=\dimen106
\alignsep@=\dimen107
\tagshift@=\dimen108
\tagwidth@=\dimen109
\totwidth@=\dimen110
\lineht@=\dimen111
\@envbody=\toks17
\multlinegap=\skip48
\multlinetaggap=\skip49
\mathdisplay@stack=\toks18
LaTeX Info: Redefining \[ on input line 2665.
LaTeX Info: Redefining \] on input line 2666.
)
("C:\Program Files\MiKTeX 2.9\tex\latex\amsfonts\amsfonts.sty"
Package: amsfonts 2013/01/14 v3.01 Basic AMSFonts support
\symAMSa=\mathgroup4
\symAMSb=\mathgroup5
LaTeX Font Info:    Overwriting math alphabet `\mathfrak' in version `bold'
(Font)                  U/euf/m/n --> U/euf/b/n on input line 106.
)
("C:\Program Files\MiKTeX 2.9\tex\latex\amsfonts\amssymb.sty"
Package: amssymb 2013/01/14 v3.01 AMS font symbols
)
("C:\Program Files\MiKTeX 2.9\tex\latex\graphics\graphicx.sty"
Package: graphicx 1999/02/16 v1.0f Enhanced LaTeX Graphics (DPC,SPQR)

("C:\Program Files\MiKTeX 2.9\tex\latex\graphics\keyval.sty"
Package: keyval 1999/03/16 v1.13 key=value parser (DPC)
\KV@toks@=\toks19
)
("C:\Program Files\MiKTeX 2.9\tex\latex\graphics\graphics.sty"
Package: graphics 2009/02/05 v1.0o Standard LaTeX Graphics (DPC,SPQR)

("C:\Program Files\MiKTeX 2.9\tex\latex\graphics\trig.sty"
Package: trig 1999/03/16 v1.09 sin cos tan (DPC)
)
("C:\Program Files\MiKTeX 2.9\tex\latex\00miktex\graphics.cfg"
File: graphics.cfg 2007/01/18 v1.5 graphics configuration of teTeX/TeXLive
)
Package graphics Info: Driver file: pdftex.def on input line 91.

("C:\Program Files\MiKTeX 2.9\tex\latex\pdftex-def\pdftex.def"
File: pdftex.def 2011/05/27 v0.06d Graphics/color for pdfTeX

("C:\Program Files\MiKTeX 2.9\tex\generic\oberdiek\infwarerr.sty"
Package: infwarerr 2010/04/08 v1.3 Providing info/warning/error messages (HO)
)
("C:\Program Files\MiKTeX 2.9\tex\generic\oberdiek\ltxcmds.sty"
Package: ltxcmds 2011/11/09 v1.22 LaTeX kernel commands for general use (HO)
)
\Gread@gobject=\count100
))
\Gin@req@height=\dimen112
\Gin@req@width=\dimen113
)
("C:\Program Files\MiKTeX 2.9\tex\latex\tools\verbatim.sty"
Package: verbatim 2003/08/22 v1.5q LaTeX2e package for verbatim enhancements
\every@verbatim=\toks20
\verbatim@line=\toks21
\verbatim@in@stream=\read1
)
("C:\Program Files\MiKTeX 2.9\tex\latex\graphics\color.sty"
Package: color 2005/11/14 v1.0j Standard LaTeX Color (DPC)

("C:\Program Files\MiKTeX 2.9\tex\latex\00miktex\color.cfg"
File: color.cfg 2007/01/18 v1.5 color configuration of teTeX/TeXLive
)
Package color Info: Driver file: pdftex.def on input line 130.
)
("C:\Program Files\MiKTeX 2.9\tex\generic\babel\babel.sty"
Package: babel 2008/07/08 v3.8m The Babel package

*************************************
* Local config file bblopts.cfg used
*
("C:\Program Files\MiKTeX 2.9\tex\latex\00miktex\bblopts.cfg"
File: bblopts.cfg 2006/07/31 v1.0 MiKTeX 'babel' configuration
)
("C:\Program Files\MiKTeX 2.9\tex\generic\babel\english.ldf"
Language: english 2005/03/30 v3.3o English support from the babel system

("C:\Program Files\MiKTeX 2.9\tex\generic\babel\babel.def"
File: babel.def 2008/07/08 v3.8m Babel common definitions
\babel@savecnt=\count101
\U@D=\dimen114
)
\l@canadian = a dialect from \language\l@american 
\l@australian = a dialect from \language\l@british 
\l@newzealand = a dialect from \language\l@british 
))
("C:\Program Files\MiKTeX 2.9\tex\latex\multirow\multirow.sty"
\bigstrutjot=\dimen115
))

LaTeX Warning: Unused global option(s):
    [onepage].

("C:\Users\Briane\Dropbox\THESIS\MS Thesis Document\LaTeX\main.aux"
("C:\Users\Briane\Dropbox\THESIS\MS Thesis Document\LaTeX\title_page.aux")
("C:\Users\Briane\Dropbox\THESIS\MS Thesis Document\LaTeX\abstract.aux")
("C:\Users\Briane\Dropbox\THESIS\MS Thesis Document\LaTeX\chapter_1.aux"

LaTeX Warning: Label `tab:timetableactivities2' multiply defined.

) ("C:\Users\Briane\Dropbox\THESIS\MS Thesis Document\LaTeX\chapter_2.aux")
("C:\Users\Briane\Dropbox\THESIS\MS Thesis Document\LaTeX\chapter_3.aux")
("C:\Users\Briane\Dropbox\THESIS\MS Thesis Document\LaTeX\appendix_resourcepers
on.aux")
("C:\Users\Briane\Dropbox\THESIS\MS Thesis Document\LaTeX\appendix_personalvita
e.aux")
("C:\Users\Briane\Dropbox\THESIS\MS Thesis Document\LaTeX\appendix_modification
s.aux"))
LaTeX Font Info:    Checking defaults for OML/cmm/m/it on input line 17.
LaTeX Font Info:    ... okay on input line 17.
LaTeX Font Info:    Checking defaults for T1/cmr/m/n on input line 17.
LaTeX Font Info:    ... okay on input line 17.
LaTeX Font Info:    Checking defaults for OT1/cmr/m/n on input line 17.
LaTeX Font Info:    ... okay on input line 17.
LaTeX Font Info:    Checking defaults for OMS/cmsy/m/n on input line 17.
LaTeX Font Info:    ... okay on input line 17.
LaTeX Font Info:    Checking defaults for OMX/cmex/m/n on input line 17.
LaTeX Font Info:    ... okay on input line 17.
LaTeX Font Info:    Checking defaults for U/cmr/m/n on input line 17.
LaTeX Font Info:    ... okay on input line 17.
 ("C:\Program Files\MiKTeX 2.9\tex\latex\apacite\english.apc"
File: english.apc 2012/02/25 v6.01 apacite language file


! LaTeX Error: \onemaskedcitationmsg undefined.

See the LaTeX manual or LaTeX Companion for explanation.
Type  H <return>  for immediate help.
 ...                                              
                                                  
l.55 \renewcommand{\onemaskedcitationmsg}
                                         [1]{%
Try typing  <return>  to proceed.
If that doesn't work, type  X <return>  to quit.


! LaTeX Error: \maskedcitationsmsg undefined.

See the LaTeX manual or LaTeX Companion for explanation.
Type  H <return>  for immediate help.
 ...                                              
                                                  
l.57 \renewcommand{\maskedcitationsmsg}
                                       [1]{%
Try typing  <return>  to proceed.
If that doesn't work, type  X <return>  to quit.


! LaTeX Error: \BRetrievedFrom undefined.

See the LaTeX manual or LaTeX Companion for explanation.
Type  H <return>  for immediate help.
 ...                                              
                                                  
l.118 \renewcommand{\BRetrievedFrom}
                                    {Retrieved from\ }% Websites; note the s...

Try typing  <return>  to proceed.
If that doesn't work, type  X <return>  to quit.

LaTeX Info: Redefining \BPBI on input line 129.
LaTeX Info: Redefining \BHBI on input line 130.

! LaTeX Error: \PrintOrdinal undefined.

See the LaTeX manual or LaTeX Companion for explanation.
Type  H <return>  for immediate help.
 ...                                              
                                                  
l.162 \renewcommand{\PrintOrdinal}
                                  [1]{%
Try typing  <return>  to proceed.
If that doesn't work, type  X <return>  to quit.

) ("C:\Program Files\MiKTeX 2.9\tex\context\base\supp-pdf.mkii"
[Loading MPS to PDF converter (version 2006.09.02).]
\scratchcounter=\count102
\scratchdimen=\dimen116
\scratchbox=\box28
\nofMPsegments=\count103
\nofMParguments=\count104
\everyMPshowfont=\toks22
\MPscratchCnt=\count105
\MPscratchDim=\dimen117
\MPnumerator=\count106
\makeMPintoPDFobject=\count107
\everyMPtoPDFconversion=\toks23
) ("C:\Users\Briane\Dropbox\THESIS\MS Thesis Document\LaTeX\title_page.tex"
[1




{C:/ProgramData/MiKTeX/2.9/pdftex/config/pdftex.map}])
("C:\Users\Briane\Dropbox\THESIS\MS Thesis Document\LaTeX\abstract.tex"
LaTeX Font Info:    Try loading font information for U+msa on input line 15.

("C:\Program Files\MiKTeX 2.9\tex\latex\amsfonts\umsa.fd"
File: umsa.fd 2013/01/14 v3.01 AMS symbols A
)
LaTeX Font Info:    Try loading font information for U+msb on input line 15.

("C:\Program Files\MiKTeX 2.9\tex\latex\amsfonts\umsb.fd"
File: umsb.fd 2013/01/14 v3.01 AMS symbols B
) [1


])
("C:\Users\Briane\Dropbox\THESIS\MS Thesis Document\LaTeX\main.toc" [2

])
\tf@toc=\write3

[3] ("C:\Users\Briane\Dropbox\THESIS\MS Thesis Document\LaTeX\main.lof")
\tf@lof=\write4

[4] ("C:\Users\Briane\Dropbox\THESIS\MS Thesis Document\LaTeX\main.lot")
\tf@lot=\write5

[5] ("C:\Users\Briane\Dropbox\THESIS\MS Thesis Document\LaTeX\chapter_1.tex"
[1

] [2]
Missing character: There is no … in font cmti12!
 [3] [4]
Overfull \hbox (7.69173pt too wide) in paragraph at lines 94--95
\OT1/cmr/m/n/12 in-stances of it namely, MadeOf(cake, flour), MadeOf(cake, suga
r) and MadeOf(cake,
 []

[5]
LaTeX Font Info:    Try loading font information for OMS+cmr on input line 109.

 ("C:\Program Files\MiKTeX 2.9\tex\latex\base\omscmr.fd"
File: omscmr.fd 1999/05/25 v2.5h Standard LaTeX font definitions
)
LaTeX Font Info:    Font shape `OMS/cmr/m/n' in size <12> not available
(Font)              Font shape `OMS/cmsy/m/n' tried instead on input line 109.
 [6]
Missing character: There is no ç in font cmr12!
 [7] [8])
[9] [10] ("C:\Users\Briane\Dropbox\THESIS\MS Thesis Document\LaTeX\chapter_2.te
x" [11


] [12] [13] [14]
Missing character: There is no ï in font cmr12!
 [15] [16] [17] [18] [19]) [20]
("C:\Users\Briane\Dropbox\THESIS\MS Thesis Document\LaTeX\chapter_3.tex"
[21


] [22] [23]
Overfull \hbox (3.78087pt too wide) in paragraph at lines 135--136
[]\OT1/cmr/bx/it/12 ConceptuallyRelatedTo\OT1/cmr/m/n/12 (break,
 []


Underfull \hbox (badness 10000) in paragraph at lines 137--138
[]\OT1/cmr/bx/it/12 EffectOf\OT1/cmr/m/n/12 (break ob-ject, be
 []


Underfull \hbox (badness 10000) in paragraph at lines 147--148
[]\OT1/cmr/bx/it/12 LastSubeventOf\OT1/cmr/m/n/12 (grounded,
 []

[24]
Overfull \hbox (5.90286pt too wide) in paragraph at lines 183--184
\OT1/cmr/m/n/12 ConceptNet []Liu & Singh, 2004b) is a large-scale com-mon sense
 know-ledge database
 []

[25] [26]
Underfull \hbox (badness 2020) in paragraph at lines 223--223
[]\OT1/cmr/m/n/12 The ef-fect of $[]$ is
 []


Overfull \hbox (0.40948pt too wide) in paragraph at lines 242--243
[]\OT1/cmr/m/n/12 Part-of-speech tags may also be uti-lized to iden-tify phrase
s and its con-stituents.
 []

[27]
Underfull \hbox (badness 10000) in paragraph at lines 249--250
[]\OT1/cmr/m/n/12 Explicit ex-trac-tion pat-tern:
 []

[28]
Overfull \hbox (10.21335pt too wide) in paragraph at lines 300--307
 [][] 
 []

) [29] [30]
("C:\Users\Briane\Dropbox\THESIS\MS Thesis Document\LaTeX\appendix_resourcepers
on.tex"
Underfull \hbox (badness 10000) in paragraph at lines 27--28

 []

) [31


]
("C:\Users\Briane\Dropbox\THESIS\MS Thesis Document\LaTeX\appendix_personalvita
e.tex"
Underfull \hbox (badness 10000) in paragraph at lines 27--28

 []

) [32


]
("C:\Users\Briane\Dropbox\THESIS\MS Thesis Document\LaTeX\appendix_modification
s.tex"
Underfull \hbox (badness 10000) in paragraph at lines 14--26

 []


Underfull \hbox (badness 10000) in paragraph at lines 29--41

 []

[33


]
Underfull \hbox (badness 10000) in paragraph at lines 44--56

 []

) [34] ("C:\Users\Briane\Dropbox\THESIS\MS Thesis Document\LaTeX\main.bbl"
[35

]
Missing character: There is no ç in font cmr12!
 [36]
Underfull \hbox (badness 4673) in paragraph at lines 814--828
[]\OT1/cmr/m/n/12 Nodelman, P.  (2008).  \OT1/cmr/m/it/12 The hid-den adult: De
fin-ing chil-dren's lit-
 []


Underfull \hbox (badness 10000) in paragraph at lines 814--828
\OT1/cmr/m/it/12 er-a-ture\OT1/cmr/m/n/12 .  Johns Hop-kins Uni-ver-sity Press.
  Avail-able from
 []

Missing character: There is no ’ in font cmti12!
) [37] ("C:\Users\Briane\Dropbox\THESIS\MS Thesis Document\LaTeX\main.aux"
("C:\Users\Briane\Dropbox\THESIS\MS Thesis Document\LaTeX\title_page.aux")
("C:\Users\Briane\Dropbox\THESIS\MS Thesis Document\LaTeX\abstract.aux")
("C:\Users\Briane\Dropbox\THESIS\MS Thesis Document\LaTeX\chapter_1.aux")
("C:\Users\Briane\Dropbox\THESIS\MS Thesis Document\LaTeX\chapter_2.aux")
("C:\Users\Briane\Dropbox\THESIS\MS Thesis Document\LaTeX\chapter_3.aux")
("C:\Users\Briane\Dropbox\THESIS\MS Thesis Document\LaTeX\appendix_resourcepers
on.aux")
("C:\Users\Briane\Dropbox\THESIS\MS Thesis Document\LaTeX\appendix_personalvita
e.aux")
("C:\Users\Briane\Dropbox\THESIS\MS Thesis Document\LaTeX\appendix_modification
s.aux"))

LaTeX Warning: There were multiply-defined labels.

 ) 
Here is how much of TeX's memory you used:
 3057 strings out of 493921
 42306 string characters out of 3147279
 107521 words of memory out of 3000000
 6250 multiletter control sequences out of 15000+200000
 10979 words of font info for 41 fonts, out of 3000000 for 9000
 843 hyphenation exceptions out of 8191
 31i,13n,29p,1764b,259s stack positions out of 5000i,500n,10000p,200000b,50000s
<C:/Program Files/MiKTeX 2.9/fonts/type1/public/amsfonts/cm/cmbx12.pfb><C:/Pr
ogram Files/MiKTeX 2.9/fonts/type1/public/amsfonts/cm/cmbxti10.pfb><C:/Program 
Files/MiKTeX 2.9/fonts/type1/public/amsfonts/cm/cmcsc10.pfb><C:/Program Files/M
iKTeX 2.9/fonts/type1/public/amsfonts/cm/cmmi12.pfb><C:/Program Files/MiKTeX 2.
9/fonts/type1/public/amsfonts/cm/cmr12.pfb><C:/Program Files/MiKTeX 2.9/fonts/t
ype1/public/amsfonts/cm/cmsy10.pfb><C:/Program Files/MiKTeX 2.9/fonts/type1/pub
lic/amsfonts/cm/cmti12.pfb><C:/Program Files/MiKTeX 2.9/fonts/type1/public/amsf
onts/cm/cmtt12.pfb>
Output written on main.pdf (43 pages, 212621 bytes).
PDF statistics:
 174 PDF objects out of 1000 (max. 8388607)
 0 named destinations out of 1000 (max. 500000)
 1 words of extra memory for PDF output out of 10000 (max. 10000000)

